0 info it worked if it ends with ok
1 verbose cli [ 'C:\\Program Files\\nodejs\\node.exe',
1 verbose cli   'C:\\Program Files\\nodejs\\node_modules\\npm\\bin\\npm-cli.js',
1 verbose cli   'run',
1 verbose cli   'dev' ]
2 info using npm@4.1.2
3 info using node@v7.7.3
4 verbose run-script [ 'predev', 'dev', 'postdev' ]
5 info lifecycle toxichl@1.0.0~predev: toxichl@1.0.0
6 silly lifecycle toxichl@1.0.0~predev: no script for predev, continuing
7 info lifecycle toxichl@1.0.0~dev: toxichl@1.0.0
8 verbose lifecycle toxichl@1.0.0~dev: unsafe-perm in lifecycle true
9 verbose lifecycle toxichl@1.0.0~dev: PATH: C:\Program Files\nodejs\node_modules\npm\bin\node-gyp-bin;D:\Work\Coding\Toxixhl\2017\toxichl\node_modules\.bin;C:\ProgramData\Oracle\Java\javapath;C:\windows\system32;C:\windows;C:\windows\System32\Wbem;C:\windows\System32\WindowsPowerShell\v1.0\;C:\Program Files\nodejs\;C:\Program Files\Git\cmd;C:\Program Files (x86)\NVIDIA Corporation\PhysX\Common;C:\Program Files\Java\jdk1.8.0_121\bin;C:\Program Files\Java\jdk1.8.0_121\jre\bin;C:\Users\Administrator\AppData\Local\Android\Sdk\tools;C:\Users\Administrator\AppData\Local\Android\Sdk\platform-tools;C:\Program Files (x86)\Common Files\Thunder Network\KanKan\Codecs;C:\Users\Administrator\AppData\Roaming\npm;C:\Users\Administrator\AppData\Local\atom\bin
10 verbose lifecycle toxichl@1.0.0~dev: CWD: D:\Work\Coding\Toxixhl\2017\toxichl
11 silly lifecycle toxichl@1.0.0~dev: Args: [ '/d /s /c', 'webpack-dev-server --port 8090 --inline --hot' ]
12 silly lifecycle toxichl@1.0.0~dev: Returned: code: 1  signal: null
13 info lifecycle toxichl@1.0.0~dev: Failed to exec dev script
14 verbose stack Error: toxichl@1.0.0 dev: `webpack-dev-server --port 8090 --inline --hot`
14 verbose stack Exit status 1
14 verbose stack     at EventEmitter.<anonymous> (C:\Program Files\nodejs\node_modules\npm\lib\utils\lifecycle.js:279:16)
14 verbose stack     at emitTwo (events.js:106:13)
14 verbose stack     at EventEmitter.emit (events.js:194:7)
14 verbose stack     at ChildProcess.<anonymous> (C:\Program Files\nodejs\node_modules\npm\lib\utils\spawn.js:40:14)
14 verbose stack     at emitTwo (events.js:106:13)
14 verbose stack     at ChildProcess.emit (events.js:194:7)
14 verbose stack     at maybeClose (internal/child_process.js:899:16)
14 verbose stack     at Process.ChildProcess._handle.onexit (internal/child_process.js:226:5)
15 verbose pkgid toxichl@1.0.0
16 verbose cwd D:\Work\Coding\Toxixhl\2017\toxichl
17 error Windows_NT 10.0.10586
18 error argv "C:\\Program Files\\nodejs\\node.exe" "C:\\Program Files\\nodejs\\node_modules\\npm\\bin\\npm-cli.js" "run" "dev"
19 error node v7.7.3
20 error npm  v4.1.2
21 error code ELIFECYCLE
22 error toxichl@1.0.0 dev: `webpack-dev-server --port 8090 --inline --hot`
22 error Exit status 1
23 error Failed at the toxichl@1.0.0 dev script 'webpack-dev-server --port 8090 --inline --hot'.
23 error Make sure you have the latest version of node.js and npm installed.
23 error If you do, this is most likely a problem with the toxichl package,
23 error not with npm itself.
23 error Tell the author that this fails on your system:
23 error     webpack-dev-server --port 8090 --inline --hot
23 error You can get information on how to open an issue for this project with:
23 error     npm bugs toxichl
23 error Or if that isn't available, you can get their info via:
23 error     npm owner ls toxichl
23 error There is likely additional logging output above.
24 verbose exit [ 1, true ]
